0 info it worked if it ends with ok
1 verbose cli [ 'node', '/usr/local/bin/npm', 'install' ]
2 info using npm@1.4.28
3 info using node@v0.10.33
4 verbose readDependencies using package.json deps
5 verbose install where, deps [ '/Users/gg4u/Sites/flask2Neo',
5 verbose install   [ 'express',
5 verbose install     'body-parser',
5 verbose install     'morgan',
5 verbose install     'request',
5 verbose install     'elasticsearch',
5 verbose install     'express-cors',
5 verbose install     'neo4j' ] ]
6 info preinstall discovery-api-server@0.0.3
7 verbose readDependencies using package.json deps
8 verbose cache add [ 'express@*', null ]
9 verbose cache add name=undefined spec="express@*" args=["express@*",null]
10 verbose parsed url { protocol: null,
10 verbose parsed url   slashes: null,
10 verbose parsed url   auth: null,
10 verbose parsed url   host: null,
10 verbose parsed url   port: null,
10 verbose parsed url   hostname: null,
10 verbose parsed url   hash: null,
10 verbose parsed url   search: null,
10 verbose parsed url   query: null,
10 verbose parsed url   pathname: 'express@*',
10 verbose parsed url   path: 'express@*',
10 verbose parsed url   href: 'express@*' }
11 verbose cache add [ 'body-parser@*', null ]
12 verbose cache add name=undefined spec="body-parser@*" args=["body-parser@*",null]
13 verbose parsed url { protocol: null,
13 verbose parsed url   slashes: null,
13 verbose parsed url   auth: null,
13 verbose parsed url   host: null,
13 verbose parsed url   port: null,
13 verbose parsed url   hostname: null,
13 verbose parsed url   hash: null,
13 verbose parsed url   search: null,
13 verbose parsed url   query: null,
13 verbose parsed url   pathname: 'body-parser@*',
13 verbose parsed url   path: 'body-parser@*',
13 verbose parsed url   href: 'body-parser@*' }
14 verbose cache add [ 'morgan@*', null ]
15 verbose cache add name=undefined spec="morgan@*" args=["morgan@*",null]
16 verbose parsed url { protocol: null,
16 verbose parsed url   slashes: null,
16 verbose parsed url   auth: null,
16 verbose parsed url   host: null,
16 verbose parsed url   port: null,
16 verbose parsed url   hostname: null,
16 verbose parsed url   hash: null,
16 verbose parsed url   search: null,
16 verbose parsed url   query: null,
16 verbose parsed url   pathname: 'morgan@*',
16 verbose parsed url   path: 'morgan@*',
16 verbose parsed url   href: 'morgan@*' }
17 verbose cache add name="express" spec="*" args=["express","*"]
18 verbose parsed url { protocol: null,
18 verbose parsed url   slashes: null,
18 verbose parsed url   auth: null,
18 verbose parsed url   host: null,
18 verbose parsed url   port: null,
18 verbose parsed url   hostname: null,
18 verbose parsed url   hash: null,
18 verbose parsed url   search: null,
18 verbose parsed url   query: null,
18 verbose parsed url   pathname: '*',
18 verbose parsed url   path: '*',
18 verbose parsed url   href: '*' }
19 verbose addNamed [ 'express', '*' ]
20 verbose addNamed [ null, '*' ]
21 verbose cache add name="body-parser" spec="*" args=["body-parser","*"]
22 verbose parsed url { protocol: null,
22 verbose parsed url   slashes: null,
22 verbose parsed url   auth: null,
22 verbose parsed url   host: null,
22 verbose parsed url   port: null,
22 verbose parsed url   hostname: null,
22 verbose parsed url   hash: null,
22 verbose parsed url   search: null,
22 verbose parsed url   query: null,
22 verbose parsed url   pathname: '*',
22 verbose parsed url   path: '*',
22 verbose parsed url   href: '*' }
23 verbose addNamed [ 'body-parser', '*' ]
24 verbose addNamed [ null, '*' ]
25 verbose cache add [ 'request@*', null ]
26 verbose cache add name=undefined spec="request@*" args=["request@*",null]
27 verbose parsed url { protocol: null,
27 verbose parsed url   slashes: null,
27 verbose parsed url   auth: null,
27 verbose parsed url   host: null,
27 verbose parsed url   port: null,
27 verbose parsed url   hostname: null,
27 verbose parsed url   hash: null,
27 verbose parsed url   search: null,
27 verbose parsed url   query: null,
27 verbose parsed url   pathname: 'request@*',
27 verbose parsed url   path: 'request@*',
27 verbose parsed url   href: 'request@*' }
28 verbose cache add name="morgan" spec="*" args=["morgan","*"]
29 verbose parsed url { protocol: null,
29 verbose parsed url   slashes: null,
29 verbose parsed url   auth: null,
29 verbose parsed url   host: null,
29 verbose parsed url   port: null,
29 verbose parsed url   hostname: null,
29 verbose parsed url   hash: null,
29 verbose parsed url   search: null,
29 verbose parsed url   query: null,
29 verbose parsed url   pathname: '*',
29 verbose parsed url   path: '*',
29 verbose parsed url   href: '*' }
30 verbose addNamed [ 'morgan', '*' ]
31 verbose addNamed [ null, '*' ]
32 silly lockFile 8ad1ad64-express express@*
33 verbose lock express@* /Users/gg4u/.npm/8ad1ad64-express.lock
34 silly lockFile 12b67fc9-body-parser body-parser@*
35 verbose lock body-parser@* /Users/gg4u/.npm/12b67fc9-body-parser.lock
36 silly lockFile 312a3ac5-morgan morgan@*
37 verbose lock morgan@* /Users/gg4u/.npm/312a3ac5-morgan.lock
38 verbose cache add [ 'elasticsearch@*', null ]
39 verbose cache add name=undefined spec="elasticsearch@*" args=["elasticsearch@*",null]
40 verbose parsed url { protocol: null,
40 verbose parsed url   slashes: null,
40 verbose parsed url   auth: null,
40 verbose parsed url   host: null,
40 verbose parsed url   port: null,
40 verbose parsed url   hostname: null,
40 verbose parsed url   hash: null,
40 verbose parsed url   search: null,
40 verbose parsed url   query: null,
40 verbose parsed url   pathname: 'elasticsearch@*',
40 verbose parsed url   path: 'elasticsearch@*',
40 verbose parsed url   href: 'elasticsearch@*' }
41 verbose cache add name="request" spec="*" args=["request","*"]
42 verbose parsed url { protocol: null,
42 verbose parsed url   slashes: null,
42 verbose parsed url   auth: null,
42 verbose parsed url   host: null,
42 verbose parsed url   port: null,
42 verbose parsed url   hostname: null,
42 verbose parsed url   hash: null,
42 verbose parsed url   search: null,
42 verbose parsed url   query: null,
42 verbose parsed url   pathname: '*',
42 verbose parsed url   path: '*',
42 verbose parsed url   href: '*' }
43 verbose addNamed [ 'request', '*' ]
44 verbose addNamed [ null, '*' ]
45 silly lockFile a4c2c8dc-request request@*
46 verbose lock request@* /Users/gg4u/.npm/a4c2c8dc-request.lock
47 verbose cache add name="elasticsearch" spec="*" args=["elasticsearch","*"]
48 verbose parsed url { protocol: null,
48 verbose parsed url   slashes: null,
48 verbose parsed url   auth: null,
48 verbose parsed url   host: null,
48 verbose parsed url   port: null,
48 verbose parsed url   hostname: null,
48 verbose parsed url   hash: null,
48 verbose parsed url   search: null,
48 verbose parsed url   query: null,
48 verbose parsed url   pathname: '*',
48 verbose parsed url   path: '*',
48 verbose parsed url   href: '*' }
49 verbose addNamed [ 'elasticsearch', '*' ]
50 verbose addNamed [ null, '*' ]
51 silly lockFile f5824232-elasticsearch elasticsearch@*
52 verbose lock elasticsearch@* /Users/gg4u/.npm/f5824232-elasticsearch.lock
53 verbose cache add [ 'express-cors@*', null ]
54 verbose cache add name=undefined spec="express-cors@*" args=["express-cors@*",null]
55 verbose parsed url { protocol: null,
55 verbose parsed url   slashes: null,
55 verbose parsed url   auth: null,
55 verbose parsed url   host: null,
55 verbose parsed url   port: null,
55 verbose parsed url   hostname: null,
55 verbose parsed url   hash: null,
55 verbose parsed url   search: null,
55 verbose parsed url   query: null,
55 verbose parsed url   pathname: 'express-cors@*',
55 verbose parsed url   path: 'express-cors@*',
55 verbose parsed url   href: 'express-cors@*' }
56 silly addNameRange { name: 'body-parser', range: '*', hasData: false }
57 silly addNameRange { name: 'express', range: '*', hasData: false }
58 silly addNameRange { name: 'morgan', range: '*', hasData: false }
59 verbose cache add [ 'neo4j@*', null ]
60 verbose cache add name=undefined spec="neo4j@*" args=["neo4j@*",null]
61 verbose parsed url { protocol: null,
61 verbose parsed url   slashes: null,
61 verbose parsed url   auth: null,
61 verbose parsed url   host: null,
61 verbose parsed url   port: null,
61 verbose parsed url   hostname: null,
61 verbose parsed url   hash: null,
61 verbose parsed url   search: null,
61 verbose parsed url   query: null,
61 verbose parsed url   pathname: 'neo4j@*',
61 verbose parsed url   path: 'neo4j@*',
61 verbose parsed url   href: 'neo4j@*' }
62 verbose cache add name="express-cors" spec="*" args=["express-cors","*"]
63 verbose parsed url { protocol: null,
63 verbose parsed url   slashes: null,
63 verbose parsed url   auth: null,
63 verbose parsed url   host: null,
63 verbose parsed url   port: null,
63 verbose parsed url   hostname: null,
63 verbose parsed url   hash: null,
63 verbose parsed url   search: null,
63 verbose parsed url   query: null,
63 verbose parsed url   pathname: '*',
63 verbose parsed url   path: '*',
63 verbose parsed url   href: '*' }
64 verbose addNamed [ 'express-cors', '*' ]
65 verbose addNamed [ null, '*' ]
66 silly lockFile 6a2de341-express-cors express-cors@*
67 verbose lock express-cors@* /Users/gg4u/.npm/6a2de341-express-cors.lock
68 silly addNameRange { name: 'request', range: '*', hasData: false }
69 verbose cache add name="neo4j" spec="*" args=["neo4j","*"]
70 verbose parsed url { protocol: null,
70 verbose parsed url   slashes: null,
70 verbose parsed url   auth: null,
70 verbose parsed url   host: null,
70 verbose parsed url   port: null,
70 verbose parsed url   hostname: null,
70 verbose parsed url   hash: null,
70 verbose parsed url   search: null,
70 verbose parsed url   query: null,
70 verbose parsed url   pathname: '*',
70 verbose parsed url   path: '*',
70 verbose parsed url   href: '*' }
71 verbose addNamed [ 'neo4j', '*' ]
72 verbose addNamed [ null, '*' ]
73 silly lockFile 3332d2c9-neo4j neo4j@*
74 verbose lock neo4j@* /Users/gg4u/.npm/3332d2c9-neo4j.lock
75 silly addNameRange { name: 'elasticsearch', range: '*', hasData: false }
76 silly addNameRange { name: 'express-cors', range: '*', hasData: false }
77 silly addNameRange { name: 'neo4j', range: '*', hasData: false }
78 verbose request where is /express-cors
79 verbose request registry https://registry.npmjs.org/
80 verbose request id 50e92a609e846714
81 verbose url raw /express-cors
82 verbose url resolving [ 'https://registry.npmjs.org/', './express-cors' ]
83 verbose url resolved https://registry.npmjs.org/express-cors
84 verbose request where is https://registry.npmjs.org/express-cors
85 info trying registry request attempt 1 at 00:01:42
86 http GET https://registry.npmjs.org/express-cors
87 verbose request where is /neo4j
88 verbose request registry https://registry.npmjs.org/
89 verbose url raw /neo4j
90 verbose url resolving [ 'https://registry.npmjs.org/', './neo4j' ]
91 verbose url resolved https://registry.npmjs.org/neo4j
92 verbose request where is https://registry.npmjs.org/neo4j
93 info trying registry request attempt 1 at 00:01:42
94 http GET https://registry.npmjs.org/neo4j
95 verbose request where is /body-parser
96 verbose request registry https://registry.npmjs.org/
97 verbose url raw /body-parser
98 verbose url resolving [ 'https://registry.npmjs.org/', './body-parser' ]
99 verbose url resolved https://registry.npmjs.org/body-parser
100 verbose request where is https://registry.npmjs.org/body-parser
101 info trying registry request attempt 1 at 00:01:42
102 verbose etag "9ZX52QTQK7GTWZV2D2YWE5Q9C"
103 http GET https://registry.npmjs.org/body-parser
104 verbose request where is /express
105 verbose request registry https://registry.npmjs.org/
106 verbose url raw /express
107 verbose url resolving [ 'https://registry.npmjs.org/', './express' ]
108 verbose url resolved https://registry.npmjs.org/express
109 verbose request where is https://registry.npmjs.org/express
110 info trying registry request attempt 1 at 00:01:42
111 verbose etag "7QCV70PQ882SMQTHJ8748DXEV"
112 http GET https://registry.npmjs.org/express
113 verbose request where is /morgan
114 verbose request registry https://registry.npmjs.org/
115 verbose url raw /morgan
116 verbose url resolving [ 'https://registry.npmjs.org/', './morgan' ]
117 verbose url resolved https://registry.npmjs.org/morgan
118 verbose request where is https://registry.npmjs.org/morgan
119 info trying registry request attempt 1 at 00:01:42
120 verbose etag "2QGEOH9Q2E5NCKIWI2SMUAM9Z"
121 http GET https://registry.npmjs.org/morgan
122 verbose request where is /request
123 verbose request registry https://registry.npmjs.org/
124 verbose url raw /request
125 verbose url resolving [ 'https://registry.npmjs.org/', './request' ]
126 verbose url resolved https://registry.npmjs.org/request
127 verbose request where is https://registry.npmjs.org/request
128 info trying registry request attempt 1 at 00:01:46
129 verbose etag "CBXG5SGRECNW75MQ4LIZ70XCK"
130 http GET https://registry.npmjs.org/request
131 verbose request where is /elasticsearch
132 verbose request registry https://registry.npmjs.org/
133 verbose url raw /elasticsearch
134 verbose url resolving [ 'https://registry.npmjs.org/', './elasticsearch' ]
135 verbose url resolved https://registry.npmjs.org/elasticsearch
136 verbose request where is https://registry.npmjs.org/elasticsearch
137 info trying registry request attempt 1 at 00:01:46
138 verbose etag "EK8TG3P2VXEC0IJC14GRZ6K7R"
139 http GET https://registry.npmjs.org/elasticsearch
140 http 200 https://registry.npmjs.org/express-cors
141 silly registry.get cb [ 200,
141 silly registry.get   { date: 'Thu, 09 Apr 2015 07:01:46 GMT',
141 silly registry.get     server: 'CouchDB/1.5.0 (Erlang OTP/R16B03)',
141 silly registry.get     etag: '"9F0TU6534MK6H2ZF20FHEVGJ1"',
141 silly registry.get     'content-type': 'application/json',
141 silly registry.get     'cache-control': 'max-age=60',
141 silly registry.get     'content-length': '13975',
141 silly registry.get     'accept-ranges': 'bytes',
141 silly registry.get     via: '1.1 varnish',
141 silly registry.get     age: '0',
141 silly registry.get     'x-served-by': 'cache-lax1420-LAX',
141 silly registry.get     'x-cache': 'MISS',
141 silly registry.get     'x-cache-hits': '0',
141 silly registry.get     'x-timer': 'S1428562906.016188,VS0,VE51',
141 silly registry.get     vary: 'Accept',
141 silly registry.get     'keep-alive': 'timeout=10, max=50',
141 silly registry.get     connection: 'Keep-Alive' } ]
142 silly addNameRange number 2 { name: 'express-cors', range: '*', hasData: true }
143 silly addNameRange versions [ 'express-cors', [ '0.0.1', '0.0.2', '0.0.3' ] ]
144 verbose addNamed [ 'express-cors', '0.0.3' ]
145 verbose addNamed [ '0.0.3', '0.0.3' ]
146 silly lockFile 39584528-express-cors-0-0-3 express-cors@0.0.3
147 verbose lock express-cors@0.0.3 /Users/gg4u/.npm/39584528-express-cors-0-0-3.lock
148 silly lockFile e06cff4a-ress-cors-express-cors-0-0-3-tgz https://registry.npmjs.org/express-cors/-/express-cors-0.0.3.tgz
149 verbose lock https://registry.npmjs.org/express-cors/-/express-cors-0.0.3.tgz /Users/gg4u/.npm/e06cff4a-ress-cors-express-cors-0-0-3-tgz.lock
150 verbose addRemoteTarball [ 'https://registry.npmjs.org/express-cors/-/express-cors-0.0.3.tgz',
150 verbose addRemoteTarball   '5c25a78d7be69a4fcb08412cb27c8dfc758896bd' ]
151 info retry fetch attempt 1 at 00:01:47
152 verbose fetch to= /var/folders/9t/m1_bpvh51t1fxwl17jhcnlyh0000gn/T/npm-22236-2Bc4G5wU/registry.npmjs.org/express-cors/-/express-cors-0.0.3.tgz
153 http GET https://registry.npmjs.org/express-cors/-/express-cors-0.0.3.tgz
154 http 200 https://registry.npmjs.org/morgan
155 silly registry.get cb [ 200,
155 silly registry.get   { date: 'Thu, 09 Apr 2015 07:01:46 GMT',
155 silly registry.get     server: 'CouchDB/1.5.0 (Erlang OTP/R16B03)',
155 silly registry.get     etag: '"325GFNQEFFZCSU6C6XQB710I"',
155 silly registry.get     'content-type': 'application/json',
155 silly registry.get     'cache-control': 'max-age=60',
155 silly registry.get     'content-length': '34538',
155 silly registry.get     'accept-ranges': 'bytes',
155 silly registry.get     via: '1.1 varnish',
155 silly registry.get     age: '8',
155 silly registry.get     'x-served-by': 'cache-lax1423-LAX',
155 silly registry.get     'x-cache': 'HIT',
155 silly registry.get     'x-cache-hits': '1',
155 silly registry.get     'x-timer': 'S1428562906.024157,VS0,VE0',
155 silly registry.get     vary: 'Accept',
155 silly registry.get     'keep-alive': 'timeout=10, max=50',
155 silly registry.get     connection: 'Keep-Alive' } ]
156 silly addNameRange number 2 { name: 'morgan', range: '*', hasData: true }
157 silly addNameRange versions [ 'morgan',
157 silly addNameRange   [ '1.0.0',
157 silly addNameRange     '1.0.1',
157 silly addNameRange     '1.1.0',
157 silly addNameRange     '1.1.1',
157 silly addNameRange     '1.2.0',
157 silly addNameRange     '1.2.1',
157 silly addNameRange     '1.2.2',
157 silly addNameRange     '1.2.3',
157 silly addNameRange     '1.3.0',
157 silly addNameRange     '1.3.1',
157 silly addNameRange     '1.3.2',
157 silly addNameRange     '1.4.0',
157 silly addNameRange     '1.4.1',
157 silly addNameRange     '1.5.0',
157 silly addNameRange     '1.5.1',
157 silly addNameRange     '1.5.2' ] ]
158 verbose addNamed [ 'morgan', '1.5.2' ]
159 verbose addNamed [ '1.5.2', '1.5.2' ]
160 silly lockFile 04d2cfbf-morgan-1-5-2 morgan@1.5.2
161 verbose lock morgan@1.5.2 /Users/gg4u/.npm/04d2cfbf-morgan-1-5-2.lock
162 silly lockFile 6d25fd37-pmjs-org-morgan-morgan-1-5-2-tgz https://registry.npmjs.org/morgan/-/morgan-1.5.2.tgz
163 verbose lock https://registry.npmjs.org/morgan/-/morgan-1.5.2.tgz /Users/gg4u/.npm/6d25fd37-pmjs-org-morgan-morgan-1-5-2-tgz.lock
164 verbose addRemoteTarball [ 'https://registry.npmjs.org/morgan/-/morgan-1.5.2.tgz',
164 verbose addRemoteTarball   '34c1a0e7c2d5ad3ed78f0ef3257b8ac7c35d7cff' ]
165 info retry fetch attempt 1 at 00:01:47
166 verbose fetch to= /var/folders/9t/m1_bpvh51t1fxwl17jhcnlyh0000gn/T/npm-22236-2Bc4G5wU/registry.npmjs.org/morgan/-/morgan-1.5.2.tgz
167 http GET https://registry.npmjs.org/morgan/-/morgan-1.5.2.tgz
168 http 200 https://registry.npmjs.org/body-parser
169 silly registry.get cb [ 200,
169 silly registry.get   { date: 'Thu, 09 Apr 2015 07:01:46 GMT',
169 silly registry.get     server: 'CouchDB/1.5.0 (Erlang OTP/R16B03)',
169 silly registry.get     etag: '"6BZK1V92C82J9ZJBP2W2B169A"',
169 silly registry.get     'content-type': 'application/json',
169 silly registry.get     'cache-control': 'max-age=60',
169 silly registry.get     'content-length': '90740',
169 silly registry.get     'accept-ranges': 'bytes',
169 silly registry.get     via: '1.1 varnish',
169 silly registry.get     age: '42',
169 silly registry.get     'x-served-by': 'cache-lax1432-LAX',
169 silly registry.get     'x-cache': 'HIT',
169 silly registry.get     'x-cache-hits': '2',
169 silly registry.get     'x-timer': 'S1428562906.025297,VS0,VE0',
169 silly registry.get     vary: 'Accept',
169 silly registry.get     'keep-alive': 'timeout=10, max=50',
169 silly registry.get     connection: 'Keep-Alive' } ]
170 silly addNameRange number 2 { name: 'body-parser', range: '*', hasData: true }
171 silly addNameRange versions [ 'body-parser',
171 silly addNameRange   [ '1.0.0',
171 silly addNameRange     '1.0.1',
171 silly addNameRange     '1.0.2',
171 silly addNameRange     '1.1.0',
171 silly addNameRange     '1.1.1',
171 silly addNameRange     '1.1.2',
171 silly addNameRange     '1.2.0',
171 silly addNameRange     '1.2.1',
171 silly addNameRange     '1.2.2',
171 silly addNameRange     '1.3.0',
171 silly addNameRange     '1.3.1',
171 silly addNameRange     '1.4.0',
171 silly addNameRange     '1.4.1',
171 silly addNameRange     '1.4.2',
171 silly addNameRange     '1.4.3',
171 silly addNameRange     '1.5.0',
171 silly addNameRange     '1.5.1',
171 silly addNameRange     '1.5.2',
171 silly addNameRange     '1.6.0',
171 silly addNameRange     '1.6.1',
171 silly addNameRange     '1.6.2',
171 silly addNameRange     '1.6.3',
171 silly addNameRange     '1.6.4',
171 silly addNameRange     '1.6.5',
171 silly addNameRange     '1.6.6',
171 silly addNameRange     '1.6.7',
171 silly addNameRange     '1.7.0',
171 silly addNameRange     '1.8.0',
171 silly addNameRange     '1.8.1',
171 silly addNameRange     '1.8.2',
171 silly addNameRange     '1.8.3',
171 silly addNameRange     '1.8.4',
171 silly addNameRange     '1.9.0',
171 silly addNameRange     '1.9.1',
171 silly addNameRange     '1.9.2',
171 silly addNameRange     '1.9.3',
171 silly addNameRange     '1.10.0',
171 silly addNameRange     '1.10.1',
171 silly addNameRange     '1.10.2',
171 silly addNameRange     '1.11.0',
171 silly addNameRange     '1.12.0',
171 silly addNameRange     '1.12.1',
171 silly addNameRange     '1.12.2' ] ]
172 verbose addNamed [ 'body-parser', '1.12.2' ]
173 verbose addNamed [ '1.12.2', '1.12.2' ]
174 silly lockFile 76f09536-body-parser-1-12-2 body-parser@1.12.2
175 verbose lock body-parser@1.12.2 /Users/gg4u/.npm/76f09536-body-parser-1-12-2.lock
176 silly lockFile 9a22e482-dy-parser-body-parser-1-12-2-tgz https://registry.npmjs.org/body-parser/-/body-parser-1.12.2.tgz
177 verbose lock https://registry.npmjs.org/body-parser/-/body-parser-1.12.2.tgz /Users/gg4u/.npm/9a22e482-dy-parser-body-parser-1-12-2-tgz.lock
178 verbose addRemoteTarball [ 'https://registry.npmjs.org/body-parser/-/body-parser-1.12.2.tgz',
178 verbose addRemoteTarball   '698368fb4dfc57a05bff1ddb1bebeba3bd2c0e87' ]
179 info retry fetch attempt 1 at 00:01:47
180 verbose fetch to= /var/folders/9t/m1_bpvh51t1fxwl17jhcnlyh0000gn/T/npm-22236-2Bc4G5wU/registry.npmjs.org/body-parser/-/body-parser-1.12.2.tgz
181 http GET https://registry.npmjs.org/body-parser/-/body-parser-1.12.2.tgz
182 http 200 https://registry.npmjs.org/morgan/-/morgan-1.5.2.tgz
183 silly lockFile 6d25fd37-pmjs-org-morgan-morgan-1-5-2-tgz https://registry.npmjs.org/morgan/-/morgan-1.5.2.tgz
184 silly lockFile 6d25fd37-pmjs-org-morgan-morgan-1-5-2-tgz https://registry.npmjs.org/morgan/-/morgan-1.5.2.tgz
185 silly lockFile 04d2cfbf-morgan-1-5-2 morgan@1.5.2
186 silly lockFile 04d2cfbf-morgan-1-5-2 morgan@1.5.2
187 silly lockFile 312a3ac5-morgan morgan@*
188 silly lockFile 312a3ac5-morgan morgan@*
189 http 200 https://registry.npmjs.org/request
190 silly registry.get cb [ 200,
190 silly registry.get   { date: 'Thu, 09 Apr 2015 07:01:46 GMT',
190 silly registry.get     server: 'CouchDB/1.5.0 (Erlang OTP/R16B03)',
190 silly registry.get     etag: '"42SAIQRYRPHBXM2NBMG3TLNGN"',
190 silly registry.get     'content-type': 'application/json',
190 silly registry.get     'cache-control': 'max-age=60',
190 silly registry.get     'content-length': '145575',
190 silly registry.get     'accept-ranges': 'bytes',
190 silly registry.get     via: '1.1 varnish',
190 silly registry.get     age: '25',
190 silly registry.get     'x-served-by': 'cache-lax1420-LAX',
190 silly registry.get     'x-cache': 'HIT',
190 silly registry.get     'x-cache-hits': '3',
190 silly registry.get     'x-timer': 'S1428562906.116608,VS0,VE0',
190 silly registry.get     vary: 'Accept',
190 silly registry.get     'keep-alive': 'timeout=10, max=49',
190 silly registry.get     connection: 'Keep-Alive' } ]
191 http 200 https://registry.npmjs.org/body-parser/-/body-parser-1.12.2.tgz
192 silly addNameRange number 2 { name: 'request', range: '*', hasData: true }
193 silly addNameRange versions [ 'request',
193 silly addNameRange   [ '0.10.0',
193 silly addNameRange     '0.8.3',
193 silly addNameRange     '0.9.0',
193 silly addNameRange     '0.9.1',
193 silly addNameRange     '0.9.5',
193 silly addNameRange     '1.0.0',
193 silly addNameRange     '1.1.0',
193 silly addNameRange     '1.1.1',
193 silly addNameRange     '1.2.0',
193 silly addNameRange     '1.9.0',
193 silly addNameRange     '1.9.1',
193 silly addNameRange     '1.9.2',
193 silly addNameRange     '1.9.3',
193 silly addNameRange     '1.9.5',
193 silly addNameRange     '1.9.7',
193 silly addNameRange     '1.9.8',
193 silly addNameRange     '1.9.9',
193 silly addNameRange     '2.0.0',
193 silly addNameRange     '2.0.1',
193 silly addNameRange     '2.0.2',
193 silly addNameRange     '2.0.3',
193 silly addNameRange     '2.0.4',
193 silly addNameRange     '2.0.5',
193 silly addNameRange     '2.1.0',
193 silly addNameRange     '2.1.1',
193 silly addNameRange     '2.2.0',
193 silly addNameRange     '2.2.5',
193 silly addNameRange     '2.2.6',
193 silly addNameRange     '2.2.9',
193 silly addNameRange     '2.9.0',
193 silly addNameRange     '2.9.1',
193 silly addNameRange     '2.9.2',
193 silly addNameRange     '2.9.3',
193 silly addNameRange     '2.9.100',
193 silly addNameRange     '2.9.150',
193 silly addNameRange     '2.9.151',
193 silly addNameRange     '2.9.152',
193 silly addNameRange     '2.9.153',
193 silly addNameRange     '2.9.200',
193 silly addNameRange     '2.9.201',
193 silly addNameRange     '2.9.202',
193 silly addNameRange     '2.9.203',
193 silly addNameRange     '2.10.0',
193 silly addNameRange     '2.11.0',
193 silly addNameRange     '2.11.1',
193 silly addNameRange     '2.11.2',
193 silly addNameRange     '2.11.3',
193 silly addNameRange     '2.11.4',
193 silly addNameRange     '2.12.0',
193 silly addNameRange     '2.14.0',
193 silly addNameRange     '2.16.0',
193 silly addNameRange     '2.16.2',
193 silly addNameRange     '2.16.4',
193 silly addNameRange     '2.16.6',
193 silly addNameRange     '2.18.0',
193 silly addNameRange     '2.19.0',
193 silly addNameRange     '2.20.0',
193 silly addNameRange     '2.21.0',
193 silly addNameRange     '2.22.0',
193 silly addNameRange     '2.23.0',
193 silly addNameRange     '2.24.0',
193 silly addNameRange     '2.25.0',
193 silly addNameRange     '2.26.0',
193 silly addNameRange     '2.27.0',
193 silly addNameRange     '2.28.0',
193 silly addNameRange     '2.29.0',
193 silly addNameRange     '2.30.0',
193 silly addNameRange     '2.31.0',
193 silly addNameRange     '2.32.0',
193 silly addNameRange     '2.33.0',
193 silly addNameRange     '2.34.0',
193 silly addNameRange     '2.35.0',
193 silly addNameRange     '2.36.0',
193 silly addNameRange     '2.37.0',
193 silly addNameRange     '2.38.0',
193 silly addNameRange     '2.39.0',
193 silly addNameRange     '2.40.0',
193 silly addNameRange     '2.41.0',
193 silly addNameRange     '2.42.0',
193 silly addNameRange     '2.43.0',
193 silly addNameRange     '2.44.0',
193 silly addNameRange     '2.45.0',
193 silly addNameRange     '2.46.0',
193 silly addNameRange     '2.47.0',
193 silly addNameRange     '2.48.0',
193 silly addNameRange     '2.49.0',
193 silly addNameRange     '2.50.0',
193 silly addNameRange     '2.51.0',
193 silly addNameRange     '2.52.0',
193 silly addNameRange     '2.53.0',
193 silly addNameRange     '2.54.0',
193 silly addNameRange     '2.55.0' ] ]
194 verbose addNamed [ 'request', '2.55.0' ]
195 verbose addNamed [ '2.55.0', '2.55.0' ]
196 silly lockFile d17afc53-request-2-55-0 request@2.55.0
197 verbose lock request@2.55.0 /Users/gg4u/.npm/d17afc53-request-2-55-0.lock
198 silly lockFile 28cfb46b-s-org-request-request-2-55-0-tgz https://registry.npmjs.org/request/-/request-2.55.0.tgz
199 verbose lock https://registry.npmjs.org/request/-/request-2.55.0.tgz /Users/gg4u/.npm/28cfb46b-s-org-request-request-2-55-0-tgz.lock
200 silly lockFile 9a22e482-dy-parser-body-parser-1-12-2-tgz https://registry.npmjs.org/body-parser/-/body-parser-1.12.2.tgz
201 silly lockFile 9a22e482-dy-parser-body-parser-1-12-2-tgz https://registry.npmjs.org/body-parser/-/body-parser-1.12.2.tgz
202 verbose addRemoteTarball [ 'https://registry.npmjs.org/request/-/request-2.55.0.tgz',
202 verbose addRemoteTarball   'd75c1cdf679d76bb100f9bffe1fe551b5c24e93d' ]
203 silly lockFile 76f09536-body-parser-1-12-2 body-parser@1.12.2
204 silly lockFile 76f09536-body-parser-1-12-2 body-parser@1.12.2
205 silly lockFile 12b67fc9-body-parser body-parser@*
206 silly lockFile 12b67fc9-body-parser body-parser@*
207 info retry fetch attempt 1 at 00:01:47
208 verbose fetch to= /var/folders/9t/m1_bpvh51t1fxwl17jhcnlyh0000gn/T/npm-22236-2Bc4G5wU/registry.npmjs.org/request/-/request-2.55.0.tgz
209 http GET https://registry.npmjs.org/request/-/request-2.55.0.tgz
210 http 200 https://registry.npmjs.org/neo4j
211 silly registry.get cb [ 200,
211 silly registry.get   { date: 'Thu, 09 Apr 2015 07:01:46 GMT',
211 silly registry.get     server: 'CouchDB/1.5.0 (Erlang OTP/R16B03)',
211 silly registry.get     etag: '"34TNPQXJMUB9V44G6GMDFA1UW"',
211 silly registry.get     'content-type': 'application/json',
211 silly registry.get     'cache-control': 'max-age=60',
211 silly registry.get     'content-length': '52065',
211 silly registry.get     'accept-ranges': 'bytes',
211 silly registry.get     via: '1.1 varnish',
211 silly registry.get     age: '0',
211 silly registry.get     'x-served-by': 'cache-lax1434-LAX',
211 silly registry.get     'x-cache': 'MISS',
211 silly registry.get     'x-cache-hits': '0',
211 silly registry.get     'x-timer': 'S1428562906.026299,VS0,VE268',
211 silly registry.get     vary: 'Accept',
211 silly registry.get     'keep-alive': 'timeout=10, max=50',
211 silly registry.get     connection: 'Keep-Alive' } ]
212 silly addNameRange number 2 { name: 'neo4j', range: '*', hasData: true }
213 silly addNameRange versions [ 'neo4j',
213 silly addNameRange   [ '0.1.0',
213 silly addNameRange     '0.2.0',
213 silly addNameRange     '0.2.1',
213 silly addNameRange     '0.2.2',
213 silly addNameRange     '0.2.3',
213 silly addNameRange     '0.2.4',
213 silly addNameRange     '0.2.5',
213 silly addNameRange     '0.2.6',
213 silly addNameRange     '0.2.7',
213 silly addNameRange     '0.2.8',
213 silly addNameRange     '0.2.9',
213 silly addNameRange     '0.2.10',
213 silly addNameRange     '0.2.11',
213 silly addNameRange     '0.2.12',
213 silly addNameRange     '0.2.13',
213 silly addNameRange     '0.2.14',
213 silly addNameRange     '0.2.15',
213 silly addNameRange     '0.2.16',
213 silly addNameRange     '0.2.17',
213 silly addNameRange     '0.2.18',
213 silly addNameRange     '0.2.19',
213 silly addNameRange     '0.2.20',
213 silly addNameRange     '0.2.21',
213 silly addNameRange     '1.0.0',
213 silly addNameRange     '1.1.0',
213 silly addNameRange     '1.1.1',
213 silly addNameRange     '2.0.0-alpha1',
213 silly addNameRange     '2.0.0-alpha2',
213 silly addNameRange     '2.0.0-alpha3',
213 silly addNameRange     '2.0.0-alpha4',
213 silly addNameRange     '2.0.0-alpha5',
213 silly addNameRange     '2.0.0-RC1' ] ]
214 verbose addNamed [ 'neo4j', '2.0.0-RC1' ]
215 verbose addNamed [ '2.0.0-RC1', '2.0.0-RC1' ]
216 silly lockFile 62fa9d64-neo4j-2-0-0-RC1 neo4j@2.0.0-RC1
217 verbose lock neo4j@2.0.0-RC1 /Users/gg4u/.npm/62fa9d64-neo4j-2-0-0-RC1.lock
218 silly lockFile 9af00c8a-js-org-neo4j-neo4j-2-0-0-RC1-tgz https://registry.npmjs.org/neo4j/-/neo4j-2.0.0-RC1.tgz
219 verbose lock https://registry.npmjs.org/neo4j/-/neo4j-2.0.0-RC1.tgz /Users/gg4u/.npm/9af00c8a-js-org-neo4j-neo4j-2-0-0-RC1-tgz.lock
220 verbose addRemoteTarball [ 'https://registry.npmjs.org/neo4j/-/neo4j-2.0.0-RC1.tgz',
220 verbose addRemoteTarball   'ee13a34739a0b86390f969ac2bb01cf55b067be8' ]
221 info retry fetch attempt 1 at 00:01:47
222 verbose fetch to= /var/folders/9t/m1_bpvh51t1fxwl17jhcnlyh0000gn/T/npm-22236-2Bc4G5wU/registry.npmjs.org/neo4j/-/neo4j-2.0.0-RC1.tgz
223 http GET https://registry.npmjs.org/neo4j/-/neo4j-2.0.0-RC1.tgz
224 http 200 https://registry.npmjs.org/express
225 silly registry.get cb [ 200,
225 silly registry.get   { date: 'Thu, 09 Apr 2015 07:01:46 GMT',
225 silly registry.get     server: 'CouchDB/1.5.0 (Erlang OTP/R16B03)',
225 silly registry.get     etag: '"9UQXXU09GJOSW3WO2L58ANAHK"',
225 silly registry.get     'content-type': 'application/json',
225 silly registry.get     'cache-control': 'max-age=60',
225 silly registry.get     'content-length': '492110',
225 silly registry.get     'accept-ranges': 'bytes',
225 silly registry.get     via: '1.1 varnish',
225 silly registry.get     age: '14',
225 silly registry.get     'x-served-by': 'cache-lax1433-LAX',
225 silly registry.get     'x-cache': 'HIT',
225 silly registry.get     'x-cache-hits': '2',
225 silly registry.get     'x-timer': 'S1428562906.025087,VS0,VE0',
225 silly registry.get     vary: 'Accept',
225 silly registry.get     'keep-alive': 'timeout=10, max=50',
225 silly registry.get     connection: 'Keep-Alive' } ]
226 silly addNameRange number 2 { name: 'express', range: '*', hasData: true }
227 silly addNameRange versions [ 'express',
227 silly addNameRange   [ '0.14.0',
227 silly addNameRange     '0.14.1',
227 silly addNameRange     '1.0.0',
227 silly addNameRange     '1.0.1',
227 silly addNameRange     '1.0.2',
227 silly addNameRange     '1.0.3',
227 silly addNameRange     '1.0.4',
227 silly addNameRange     '1.0.5',
227 silly addNameRange     '1.0.6',
227 silly addNameRange     '1.0.7',
227 silly addNameRange     '1.0.8',
227 silly addNameRange     '2.0.0',
227 silly addNameRange     '2.1.0',
227 silly addNameRange     '2.1.1',
227 silly addNameRange     '2.2.0',
227 silly addNameRange     '2.2.1',
227 silly addNameRange     '2.2.2',
227 silly addNameRange     '2.3.0',
227 silly addNameRange     '2.3.1',
227 silly addNameRange     '2.3.2',
227 silly addNameRange     '2.3.3',
227 silly addNameRange     '2.3.4',
227 silly addNameRange     '2.3.5',
227 silly addNameRange     '2.3.6',
227 silly addNameRange     '2.3.7',
227 silly addNameRange     '2.3.8',
227 silly addNameRange     '2.3.9',
227 silly addNameRange     '2.3.10',
227 silly addNameRange     '2.3.11',
227 silly addNameRange     '2.3.12',
227 silly addNameRange     '2.4.0',
227 silly addNameRange     '2.4.1',
227 silly addNameRange     '2.4.2',
227 silly addNameRange     '2.4.3',
227 silly addNameRange     '2.4.4',
227 silly addNameRange     '2.4.5',
227 silly addNameRange     '2.4.6',
227 silly addNameRange     '2.4.7',
227 silly addNameRange     '2.5.0',
227 silly addNameRange     '2.5.1',
227 silly addNameRange     '2.5.2',
227 silly addNameRange     '2.5.3',
227 silly addNameRange     '2.5.4',
227 silly addNameRange     '2.5.5',
227 silly addNameRange     '2.5.6',
227 silly addNameRange     '2.5.7',
227 silly addNameRange     '2.5.8',
227 silly addNameRange     '2.5.9',
227 silly addNameRange     '2.5.10',
227 silly addNameRange     '2.5.11',
227 silly addNameRange     '3.0.0',
227 silly addNameRange     '3.0.1',
227 silly addNameRange     '3.0.2',
227 silly addNameRange     '3.0.3',
227 silly addNameRange     '3.0.4',
227 silly addNameRange     '3.0.5',
227 silly addNameRange     '3.0.6',
227 silly addNameRange     '3.1.0',
227 silly addNameRange     '3.1.1',
227 silly addNameRange     '3.1.2',
227 silly addNameRange     '3.2.0',
227 silly addNameRange     '3.2.1',
227 silly addNameRange     '3.2.2',
227 silly addNameRange     '3.2.3',
227 silly addNameRange     '3.2.4',
227 silly addNameRange     '3.2.5',
227 silly addNameRange     '3.2.6',
227 silly addNameRange     '3.3.0',
227 silly addNameRange     '3.3.1',
227 silly addNameRange     '3.3.2',
227 silly addNameRange     '3.3.3',
227 silly addNameRange     '3.3.4',
227 silly addNameRange     '3.3.5',
227 silly addNameRange     '3.3.6',
227 silly addNameRange     '1.0.0-beta',
227 silly addNameRange     '1.0.0-beta2',
227 silly addNameRange     '1.0.0-rc',
227 silly addNameRange     '1.0.0-rc2',
227 silly addNameRange     '1.0.0-rc3',
227 silly addNameRange     '1.0.0-rc4',
227 silly addNameRange     '2.0.0-beta',
227 silly addNameRange     '2.0.0-beta2',
227 silly addNameRange     '2.0.0-beta3',
227 silly addNameRange     '2.0.0-rc',
227 silly addNameRange     '2.0.0-rc2',
227 silly addNameRange     '2.0.0-rc3',
227 silly addNameRange     '3.0.0-alpha1',
227 silly addNameRange     '3.0.0-alpha2',
227 silly addNameRange     '3.0.0-alpha3',
227 silly addNameRange     '3.0.0-alpha4',
227 silly addNameRange     '3.0.0-alpha5',
227 silly addNameRange     '3.0.0-beta1',
227 silly addNameRange     '3.0.0-beta2',
227 silly addNameRange     '3.0.0-beta3',
227 silly addNameRange     '3.0.0-beta4',
227 silly addNameRange     '3.0.0-beta6',
227 silly addNameRange     '3.0.0-beta7',
227 silly addNameRange     '3.0.0-rc1',
227 silly addNameRange     '3.0.0-rc2',
227 silly addNameRange     '3.0.0-rc3',
227 silly addNameRange     '3.0.0-rc4',
227 silly addNameRange     '3.0.0-rc5',
227 silly addNameRange     '3.3.7',
227 silly addNameRange     '3.3.8',
227 silly addNameRange     '3.4.0',
227 silly addNameRange     '3.4.1',
227 silly addNameRange     '3.4.2',
227 silly addNameRange     '3.4.3',
227 silly addNameRange     '3.4.4',
227 silly addNameRange     '3.4.5',
227 silly addNameRange     '3.4.6',
227 silly addNameRange     '3.4.7',
227 silly addNameRange     '3.4.8',
227 silly addNameRange     '4.0.0-rc1',
227 silly addNameRange     '4.0.0-rc2',
227 silly addNameRange     '3.5.0',
227 silly addNameRange     '4.0.0-rc3',
227 silly addNameRange     '4.0.0-rc4',
227 silly addNameRange     '3.5.1',
227 silly addNameRange     '4.0.0',
227 silly addNameRange     '3.5.2',
227 silly addNameRange     '4.1.0',
227 silly addNameRange     '4.1.1',
227 silly addNameRange     '3.5.3',
227 silly addNameRange     '4.1.2',
227 silly addNameRange     '3.6.0',
227 silly addNameRange     '4.2.0',
227 silly addNameRange     '3.7.0',
227 silly addNameRange     '3.8.0',
227 silly addNameRange     '4.3.0',
227 silly addNameRange     '4.3.1',
227 silly addNameRange     '3.8.1',
227 silly addNameRange     '4.3.2',
227 silly addNameRange     '3.9.0',
227 silly addNameRange     '4.4.0',
227 silly addNameRange     '4.4.1',
227 silly addNameRange     '3.10.0',
227 silly addNameRange     '3.10.1',
227 silly addNameRange     '3.10.2',
227 silly addNameRange     '3.10.3',
227 silly addNameRange     '3.10.4',
227 silly addNameRange     '4.4.2',
227 silly addNameRange     '3.10.5',
227 silly addNameRange     '4.4.3',
227 silly addNameRange     '3.11.0',
227 silly addNameRange     '4.4.4',
227 silly addNameRange     '3.12.0',
227 silly addNameRange     '3.12.1',
227 silly addNameRange     '4.4.5',
227 silly addNameRange     '3.13.0',
227 silly addNameRange     '4.5.0',
227 silly addNameRange     '4.5.1',
227 silly addNameRange     '3.14.0',
227 silly addNameRange     '4.6.0',
227 silly addNameRange     '4.6.1',
227 silly addNameRange     '3.15.0',
227 silly addNameRange     '4.7.0',
227 silly addNameRange     '3.15.1',
227 silly addNameRange     '4.7.1',
227 silly addNameRange     '3.15.2',
227 silly addNameRange     '4.7.2',
227 silly addNameRange     '4.7.3',
227 silly addNameRange     '3.15.3',
227 silly addNameRange     '4.7.4',
227 silly addNameRange     '3.16.0',
227 silly addNameRange     '4.8.0',
227 silly addNameRange     '3.16.1',
227 silly addNameRange     '4.8.1',
227 silly addNameRange     '3.16.2',
227 silly addNameRange     '4.8.2',
227 silly addNameRange     '3.16.3',
227 silly addNameRange     '3.16.4',
227 silly addNameRange     '4.8.3',
227 silly addNameRange     '3.16.5',
227 silly addNameRange     '3.16.6',
227 silly addNameRange     '4.8.4',
227 silly addNameRange     '3.16.7',
227 silly addNameRange     '4.8.5',
227 silly addNameRange     '3.16.8',
227 silly addNameRange     '4.8.6',
227 silly addNameRange     '3.16.9',
227 silly addNameRange     '4.8.7',
227 silly addNameRange     '3.16.10',
227 silly addNameRange     '4.8.8',
227 silly addNameRange     '3.17.0',
227 silly addNameRange     '3.17.1',
227 silly addNameRange     '4.9.0',
227 silly addNameRange     '3.17.2',
227 silly addNameRange     '4.9.1',
227 silly addNameRange     '4.9.2',
227 silly addNameRange     '3.17.3',
227 silly addNameRange     '4.9.3',
227 silly addNameRange     '3.17.4',
227 silly addNameRange     '4.9.4',
227 silly addNameRange     '3.17.5',
227 silly addNameRange     '4.9.5',
227 silly addNameRange     '3.17.6',
227 silly addNameRange     '3.17.7',
227 silly addNameRange     '4.9.6',
227 silly addNameRange     '4.9.7',
227 silly addNameRange     '3.17.8',
227 silly addNameRange     '4.9.8',
227 silly addNameRange     '3.18.0',
227 silly addNameRange     '3.18.1',
227 silly addNameRange     '4.10.0',
227 silly addNameRange     '3.18.2',
227 silly addNameRange     '4.10.1',
227 silly addNameRange     '5.0.0-alpha.1',
227 silly addNameRange     '3.18.3',
227 silly addNameRange     '4.10.2',
227 silly addNameRange     '3.18.4',
227 silly addNameRange     '4.10.3',
227 silly addNameRange     '4.10.4',
227 silly addNameRange     '4.10.5',
227 silly addNameRange     '3.18.5',
227 silly addNameRange     '3.18.6',
227 silly addNameRange     '4.10.6',
227 silly addNameRange     '4.10.7',
227 silly addNameRange     '3.19.0',
227 silly addNameRange     '4.10.8',
227 silly addNameRange     '4.11.0',
227 silly addNameRange     '3.19.1',
227 silly addNameRange     '4.11.1',
227 silly addNameRange     '3.19.2',
227 silly addNameRange     '4.11.2',
227 silly addNameRange     '3.20.0',
227 silly addNameRange     '4.12.0',
227 silly addNameRange     '3.20.1',
227 silly addNameRange     '4.12.1',
227 silly addNameRange     '4.12.2',
227 silly addNameRange     '3.20.2',
227 silly addNameRange     '4.12.3' ] ]
228 verbose addNamed [ 'express', '4.12.3' ]
229 verbose addNamed [ '4.12.3', '4.12.3' ]
230 silly lockFile 0b3fc563-express-4-12-3 express@4.12.3
231 verbose lock express@4.12.3 /Users/gg4u/.npm/0b3fc563-express-4-12-3.lock
232 http 200 https://registry.npmjs.org/request/-/request-2.55.0.tgz
233 silly lockFile c3db49de-s-org-express-express-4-12-3-tgz https://registry.npmjs.org/express/-/express-4.12.3.tgz
234 verbose lock https://registry.npmjs.org/express/-/express-4.12.3.tgz /Users/gg4u/.npm/c3db49de-s-org-express-express-4-12-3-tgz.lock
235 verbose addRemoteTarball [ 'https://registry.npmjs.org/express/-/express-4.12.3.tgz',
235 verbose addRemoteTarball   '6b9d94aec5ae03270d86d390c277a8c5a5ad0ee2' ]
236 info retry fetch attempt 1 at 00:01:47
237 verbose fetch to= /var/folders/9t/m1_bpvh51t1fxwl17jhcnlyh0000gn/T/npm-22236-2Bc4G5wU/registry.npmjs.org/express/-/express-4.12.3.tgz
238 http GET https://registry.npmjs.org/express/-/express-4.12.3.tgz
239 http 200 https://registry.npmjs.org/express-cors/-/express-cors-0.0.3.tgz
240 silly lockFile 28cfb46b-s-org-request-request-2-55-0-tgz https://registry.npmjs.org/request/-/request-2.55.0.tgz
241 silly lockFile 28cfb46b-s-org-request-request-2-55-0-tgz https://registry.npmjs.org/request/-/request-2.55.0.tgz
242 silly lockFile d17afc53-request-2-55-0 request@2.55.0
243 silly lockFile d17afc53-request-2-55-0 request@2.55.0
244 silly lockFile e06cff4a-ress-cors-express-cors-0-0-3-tgz https://registry.npmjs.org/express-cors/-/express-cors-0.0.3.tgz
245 silly lockFile e06cff4a-ress-cors-express-cors-0-0-3-tgz https://registry.npmjs.org/express-cors/-/express-cors-0.0.3.tgz
246 silly lockFile a4c2c8dc-request request@*
247 silly lockFile a4c2c8dc-request request@*
248 silly lockFile 39584528-express-cors-0-0-3 express-cors@0.0.3
249 silly lockFile 39584528-express-cors-0-0-3 express-cors@0.0.3
250 silly lockFile 6a2de341-express-cors express-cors@*
251 silly lockFile 6a2de341-express-cors express-cors@*
252 http 200 https://registry.npmjs.org/express/-/express-4.12.3.tgz
253 silly lockFile c3db49de-s-org-express-express-4-12-3-tgz https://registry.npmjs.org/express/-/express-4.12.3.tgz
254 silly lockFile c3db49de-s-org-express-express-4-12-3-tgz https://registry.npmjs.org/express/-/express-4.12.3.tgz
255 silly lockFile 0b3fc563-express-4-12-3 express@4.12.3
256 silly lockFile 0b3fc563-express-4-12-3 express@4.12.3
257 silly lockFile 8ad1ad64-express express@*
258 silly lockFile 8ad1ad64-express express@*
259 http 200 https://registry.npmjs.org/elasticsearch
260 silly registry.get cb [ 200,
260 silly registry.get   { date: 'Thu, 09 Apr 2015 07:01:46 GMT',
260 silly registry.get     server: 'CouchDB/1.5.0 (Erlang OTP/R16B03)',
260 silly registry.get     etag: '"7G8TKFKHG4BLX7YON3YZ8MJR5"',
260 silly registry.get     'content-type': 'application/json',
260 silly registry.get     'cache-control': 'max-age=60',
260 silly registry.get     'content-length': '144351',
260 silly registry.get     'accept-ranges': 'bytes',
260 silly registry.get     via: '1.1 varnish',
260 silly registry.get     age: '0',
260 silly registry.get     'x-served-by': 'cache-lax1423-LAX',
260 silly registry.get     'x-cache': 'HIT',
260 silly registry.get     'x-cache-hits': '1',
260 silly registry.get     'x-timer': 'S1428562906.127424,VS0,VE314',
260 silly registry.get     vary: 'Accept',
260 silly registry.get     'keep-alive': 'timeout=10, max=49',
260 silly registry.get     connection: 'Keep-Alive' } ]
261 silly addNameRange number 2 { name: 'elasticsearch', range: '*', hasData: true }
262 silly addNameRange versions [ 'elasticsearch',
262 silly addNameRange   [ '1.0.0',
262 silly addNameRange     '1.0.1',
262 silly addNameRange     '0.2.0',
262 silly addNameRange     '0.2.1',
262 silly addNameRange     '0.2.2',
262 silly addNameRange     '0.2.3',
262 silly addNameRange     '0.2.6',
262 silly addNameRange     '0.3.1',
262 silly addNameRange     '0.3.10',
262 silly addNameRange     '0.3.11',
262 silly addNameRange     '0.3.12',
262 silly addNameRange     '0.3.2',
262 silly addNameRange     '0.3.3',
262 silly addNameRange     '0.3.4',
262 silly addNameRange     '0.3.5',
262 silly addNameRange     '0.3.6',
262 silly addNameRange     '0.3.7',
262 silly addNameRange     '0.3.8',
262 silly addNameRange     '0.3.9',
262 silly addNameRange     '1.0.3',
262 silly addNameRange     '1.3.0',
262 silly addNameRange     '1.4.0',
262 silly addNameRange     '1.5.0',
262 silly addNameRange     '1.5.1',
262 silly addNameRange     '1.5.2',
262 silly addNameRange     '1.5.3',
262 silly addNameRange     '1.5.4',
262 silly addNameRange     '1.5.5',
262 silly addNameRange     '1.5.6',
262 silly addNameRange     '1.5.7',
262 silly addNameRange     '1.5.8',
262 silly addNameRange     '1.5.9',
262 silly addNameRange     '1.5.10',
262 silly addNameRange     '1.5.11',
262 silly addNameRange     '1.5.12',
262 silly addNameRange     '1.5.13',
262 silly addNameRange     '1.5.14',
262 silly addNameRange     '2.0.0',
262 silly addNameRange     '2.1.0',
262 silly addNameRange     '2.1.1',
262 silly addNameRange     '2.1.2',
262 silly addNameRange     '2.1.3',
262 silly addNameRange     '2.1.4',
262 silly addNameRange     '2.1.6',
262 silly addNameRange     '2.2.0',
262 silly addNameRange     '2.3.0',
262 silly addNameRange     '2.3.1',
262 silly addNameRange     '2.4.0',
262 silly addNameRange     '2.4.1',
262 silly addNameRange     '2.4.2',
262 silly addNameRange     '2.4.3',
262 silly addNameRange     '3.0.0',
262 silly addNameRange     '3.0.1',
262 silly addNameRange     '3.0.2',
262 silly addNameRange     '3.1.0',
262 silly addNameRange     '3.1.1',
262 silly addNameRange     '3.1.3',
262 silly addNameRange     '4.0.0',
262 silly addNameRange     '4.0.1',
262 silly addNameRange     '4.0.2' ] ]
263 verbose addNamed [ 'elasticsearch', '4.0.2' ]
264 verbose addNamed [ '4.0.2', '4.0.2' ]
265 silly lockFile 4e207da4-elasticsearch-4-0-2 elasticsearch@4.0.2
266 verbose lock elasticsearch@4.0.2 /Users/gg4u/.npm/4e207da4-elasticsearch-4-0-2.lock
267 silly lockFile 2572422e-icsearch-elasticsearch-4-0-2-tgz https://registry.npmjs.org/elasticsearch/-/elasticsearch-4.0.2.tgz
268 verbose lock https://registry.npmjs.org/elasticsearch/-/elasticsearch-4.0.2.tgz /Users/gg4u/.npm/2572422e-icsearch-elasticsearch-4-0-2-tgz.lock
269 verbose addRemoteTarball [ 'https://registry.npmjs.org/elasticsearch/-/elasticsearch-4.0.2.tgz',
269 verbose addRemoteTarball   '1fa869322f1da695570fa796c75e0fa2e66df720' ]
270 info retry fetch attempt 1 at 00:01:47
271 verbose fetch to= /var/folders/9t/m1_bpvh51t1fxwl17jhcnlyh0000gn/T/npm-22236-2Bc4G5wU/registry.npmjs.org/elasticsearch/-/elasticsearch-4.0.2.tgz
272 http GET https://registry.npmjs.org/elasticsearch/-/elasticsearch-4.0.2.tgz
273 http 200 https://registry.npmjs.org/neo4j/-/neo4j-2.0.0-RC1.tgz
274 http 200 https://registry.npmjs.org/elasticsearch/-/elasticsearch-4.0.2.tgz
275 silly lockFile 9af00c8a-js-org-neo4j-neo4j-2-0-0-RC1-tgz https://registry.npmjs.org/neo4j/-/neo4j-2.0.0-RC1.tgz
276 silly lockFile 9af00c8a-js-org-neo4j-neo4j-2-0-0-RC1-tgz https://registry.npmjs.org/neo4j/-/neo4j-2.0.0-RC1.tgz
277 silly lockFile 62fa9d64-neo4j-2-0-0-RC1 neo4j@2.0.0-RC1
278 silly lockFile 62fa9d64-neo4j-2-0-0-RC1 neo4j@2.0.0-RC1
279 silly lockFile 3332d2c9-neo4j neo4j@*
280 silly lockFile 3332d2c9-neo4j neo4j@*
281 silly lockFile 2572422e-icsearch-elasticsearch-4-0-2-tgz https://registry.npmjs.org/elasticsearch/-/elasticsearch-4.0.2.tgz
282 silly lockFile 2572422e-icsearch-elasticsearch-4-0-2-tgz https://registry.npmjs.org/elasticsearch/-/elasticsearch-4.0.2.tgz
283 silly lockFile 4e207da4-elasticsearch-4-0-2 elasticsearch@4.0.2
284 silly lockFile 4e207da4-elasticsearch-4-0-2 elasticsearch@4.0.2
285 silly lockFile f5824232-elasticsearch elasticsearch@*
286 silly lockFile f5824232-elasticsearch elasticsearch@*
287 error Error: EACCES, mkdir '/Users/gg4u/.npm/morgan/1.5.2'
287 error  { [Error: EACCES, mkdir '/Users/gg4u/.npm/morgan/1.5.2']
287 error   errno: 3,
287 error   code: 'EACCES',
287 error   path: '/Users/gg4u/.npm/morgan/1.5.2',
287 error   parent: 'discovery-api-server' }
288 error Please try running this command again as root/Administrator.
289 error System Darwin 13.3.0
290 error command "node" "/usr/local/bin/npm" "install"
291 error cwd /Users/gg4u/Sites/flask2Neo
292 error node -v v0.10.33
293 error npm -v 1.4.28
294 error path /Users/gg4u/.npm/morgan/1.5.2
295 error code EACCES
296 error errno 3
297 error stack Error: EACCES, mkdir '/Users/gg4u/.npm/morgan/1.5.2'
298 verbose exit [ 3, true ]
